        
      pos                : [-0.28, 1.30, 0.16]
      size               : [0.02]
      err                : [1.22]
      occluded           : [  0]
      point_cloud_solved : [  1]
      model_solved       : [  0]
      Labeled Marker 5:
      ID                 : [MarkerID:   2] [ModelID:   1]
        
      pos                : [-0.58, 1.01, 0.16]
      size               : [0.02]
      err                : [1.88]
      occluded           : [  0]
      point_cloud_solved : [  1]
      model_solved       : [  0]
      Labeled Marker 6:
      ID                 : [MarkerID:   3] [ModelID:   1]
        
      pos                : [-0.35, 1.07, 0.29]
      size               : [0.02]
      err                : [2.92]
      occluded           : [  0]
      point_cloud_solved : [  1]
      model_solved       : [  0]
      Labeled Marker 7:
      ID                 : [MarkerID:   4] [ModelID:   1]
        
      pos                : [-0.24, 0.93, 0.15]
      size               : [0.02]
      err                : [2.25]
      occluded           : [  0]
      point_cloud_solved : [  1]
      model_solved       : [  0]
      Labeled Marker 8:
      ID                 : [MarkerID:   5] [ModelID:   1]
        
      pos                : [-0.61, 1.36, 0.16]
      size               : [0.02]
      err                : [1.78]
      occluded           : [  0]
      point_cloud_solved : [  1]
      model_solved       : [  0]
  Force Plate Count:   0
  Device Count:   0
  Timecode: 00:00:00:00:00
  Timestamp                      : 10220.792
  Mid-exposure timestamp         : 124977628340
  Camera data received timestamp : 124977676238
  Transmit timestamp             : 124977698251
MoCap Frame End
-----------------


[NatNet] AGV-7 Position empfangen: (-2.2427384853363037, 0.11799178272485733, 0.235398069024086)
MoCap Frame: 1226496

[NatNet] AGV-7 Position empfangen: (-2.242730140686035, 0.11799509823322296, 0.23541109263896942)
MoCap Frame: 1226497

[NatNet] AGV-7 Position empfangen: (-2.2427327632904053, 0.11799857765436172, 0.23540720343589783)
MoCap Frame: 1226498

Sent NED position: x=-3.24, y=0.12, z=-1.24
[NatNet] AGV-7 Position empfangen: (-2.2427287101745605, 0.11801601201295853, 0.2353903353214264)
MoCap Frame: 1226499

[NatNet] AGV-7 Position empfangen: (-2.242741346359253, 0.11801161617040634, 0.23538978397846222)
MoCap Frame: 1226500

[NatNet] AGV-7 Position empfangen: (-2.2427217960357666, 0.11799890547990799, 0.23538263142108917)
MoCap Frame: 1226501

[NatNet] AGV-7 Position empfangen: (-2.2427268028259277, 0.11800691485404968, 0.23539727926254272)
MoCap Frame: 1226502

[NatNet] AGV-7 Position empfangen: (-2.2427377700805664, 0.11801586300134659, 0.23539431393146515)
MoCap Frame: 1226503

[NatNet] AGV-7 Position empfangen: (-2.242748737335205, 0.11798233538866043, 0.2354232370853424)
MoCap Frame: 1226504

[NatNet] AGV-7 Position empfangen: (-2.2427561283111572, 0.11797325313091278, 0.23542284965515137)
MoCap Frame: 1226505

[NatNet] AGV-7 Position empfangen: (-2.242743968963623, 0.11798570305109024, 0.23541982471942902)
MoCap Frame: 1226506

[NatNet] AGV-7 Position empfangen: (-2.242724895477295, 0.11800139397382736, 0.23539690673351288)
MoCap Frame: 1226507

[NatNet] AGV-7 Position empfangen: (-2.242746114730835, 0.11799857765436172, 0.2353973239660263)
MoCap Frame: 1226508

[NatNet] AGV-7 Position empfangen: (-2.2427420616149902, 0.1179853305220604, 0.23540377616882324)
MoCap Frame: 1226509

[NatNet] AGV-7 Position empfangen: (-2.2427456378936768, 0.11800292134284973, 0.23539695143699646)
MoCap Frame: 1226510

[NatNet] AGV-7 Position empfangen: (-2.242751121520996, 0.11798973381519318, 0.23540367186069489)
MoCap Frame: 1226511

[NatNet] AGV-7 Position empfangen: (-2.242731809616089, 0.11799724400043488, 0.23540587723255157)
MoCap Frame: 1226512

[NatNet] AGV-7 Position empfangen: (-2.242725133895874, 0.11799617111682892, 0.23540407419204712)
MoCap Frame: 1226513

[NatNet] AGV-7 Position empfangen: (-2.242732524871826, 0.11799080669879913, 0.235420823097229)
MoCap Frame: 1226514

[NatNet] AGV-7 Position empfangen: (-2.242734432220459, 0.11801553517580032, 0.23540693521499634)
MoCap Frame: 1226515

7
1
 MoCap Frame Begin
-----------------
Frame #: 1226515
  Markerset Count:  3
    MarkerData:
    Model Name : AGV_001
    Marker Count :  5
      Marker   0 pos :
             [x=-0.28,y=1.30,z=0.16]
      Marker   1 pos :
             [x=-0.58,y=1.01,z=0.16]
      Marker   2 pos :
             [x=-0.35,y=1.07,z=0.29]
      Marker   3 pos :
             [x=-0.24,y=0.93,z=0.15]
      Marker   4 pos :
             [x=-0.61,y=1.36,z=0.16]
    MarkerData:
    Model Name : Qmed_1
    Marker Count :  4
      Marker   0 pos :
             [x=-2.30,y=0.12,z=0.30]
      Marker   1 pos :
             [x=-2.22,y=0.11,z=0.33]
      Marker   2 pos :
             [x=-2.21,y=0.23,z=0.16]
      Marker   3 pos :
             [x=-2.24,y=0.01,z=0.16]
    MarkerData:
    Model Name : all
    Marker Count :  9
      Marker   0 pos :
             [x=-0.28,y=1.30,z=0.16]
      Marker   1 pos :
             [x=-0.58,y=1.01,z=0.16]
      Marker   2 pos :
             [x=-0.35,y=1.07,z=0.29]
      Marker   3 pos :
             [x=-0.24,y=0.93,z=0.15]
      Marker   4 pos :
             [x=-0.61,y=1.36,z=0.16]
      Marker   5 pos :
             [x=-2.30,y=0.12,z=0.30]
      Marker   6 pos :
             [x=-2.22,y=0.11,z=0.33]
      Marker   7 pos :
             [x=-2.21,y=0.23,z=0.16]
      Marker   8 pos :
             [x=-2.24,y=0.01,z=0.16]
  Unlabeled Marker Count:  0
    MarkerData:
    Marker Count :  0
  Rigid Body Count:   2
    Rigid Body    :   0
      ID            :   7
      Position      : [-2.24, 0.12, 0.24]
      Orientation   : [-0.01, 0.04, -0.03, -1.00]
      Marker Error  : 0.00
    Tracking Valid: True
    Rigid Body    :   1
      ID            :   1
      Position      : [-0.41, 1.13, 0.19]
      Orientation   : [0.02, -0.00, 0.91, 0.40]
      Marker Error  : 0.00
    Tracking Valid: True
  Skeleton Count:   0
  Asset Count:   0
  Labeled Marker Count:  9
      Labeled Marker 0:
      ID                 : [MarkerID:   1] [ModelID:   7]
        
      pos                : [-2.30, 0.12, 0.30]
      size               : [0.02]
      err                : [1.84]
      occluded           : [  0]
      point_cloud_solved : [  1]
      model_solved       : [  0]
      Labeled Marker 1:
      ID                 : [MarkerID:   2] [ModelID:   7]
        
      pos                : [-2.22, 0.11, 0.33]
      size               : [0.02]
      err                : [0.42]
      occluded           : [  0]
      point_cloud_solved : [  1]
      model_solved       : [  0]
      Labeled Marker 2:
      ID                 : [MarkerID:   3] [ModelID:   7]
        
      pos                : [-2.21, 0.23, 0.16]
      size               : [0.01]
      err                : [1.77]
      occluded           : [  0]
      point_cloud_solved : [  1]
      model_solved       : [  0]
      Labeled Marker 3:
      ID                 : [MarkerID:   4] [ModelID:   7]
        
      pos                : [-2.24, 0.01, 0.16]
      size               : [0.01]
      err                : [1.64]
      occluded           : [  0]
      point_cloud_solved : [  1]
      model_solved       : [  0]
      Labeled Marker 4:
      ID                 : [MarkerID:   1] [ModelID:   1]
        
      pos                : [-0.28, 1.30, 0.16]
      size               : [0.02]
      err                : [1.23]
      occluded           : [  0]
      point_cloud_solved : [  1]
      model_solved       : [  0]
      Labeled Marker 5:
      ID                 : [MarkerID:   2] [ModelID:   1]
        
      pos                : [-0.58, 1.01, 0.16]
      size               : [0.02]
      err                : [1.86]
      occluded           : [  0]
      point_cloud_solved : [  1]
      model_solved       : [  0]
      Labeled Marker 6:
      ID                 : [MarkerID:   3] [ModelID:   1]
        
      pos                : [-0.35, 1.07, 0.29]
      size               : [0.02]
      err                : [2.92]
      occluded           : [  0]
      point_cloud_solved : [  1]
      model_solved       : [  0]
      Labeled Marker 7:
      ID                 : [MarkerID:   4] [ModelID:   1]
        
      pos                : [-0.24, 0.93, 0.15]
      size               : [0.02]
      err                : [2.24]
      occluded           : [  0]
      point_cloud_solved : [  1]
      model_solved       : [  0]
      Labeled Marker 8:
      ID                 : [MarkerID:   5] [ModelID:   1]
        
      pos                : [-0.61, 1.36, 0.16]
      size               : [0.02]
      err                : [1.77]
      occluded           : [  0]
      point_cloud_solved : [  1]
      model_solved       : [  0]
  Force Plate Count:   0
  Device Count:   0
  Timecode: 00:00:00:00:00
  Timestamp                      : 10220.958
  Mid-exposure timestamp         : 124979295440
  Camera data received timestamp : 124979343267
  Transmit timestamp             : 124979361812
MoCap Frame End
-----------------


[NatNet] AGV-7 Position empfangen: (-2.2427351474761963, 0.1180068776011467, 0.2353915125131607)
MoCap Frame: 1226516

[NatNet] AGV-7 Position empfangen: (-2.2427451610565186, 0.11799626797437668, 0.23540319502353668)
MoCap Frame: 1226517

[NatNet] AGV-7 Position empfangen: (-2.2427351474761963, 0.11799366772174835, 0.23540936410427094)
MoCap Frame: 1226518

[NatNet] AGV-7 Position empfangen: (-2.2427468299865723, 0.11799956858158112, 0.2354084849357605)
MoCap Frame: 1226519

[NatNet] AGV-7 Position empfangen: (-2.2427432537078857, 0.1179952323436737, 0.2354058176279068)
MoCap Frame: 1226520

[NatNet] AGV-7 Position empfangen: (-2.2427382469177246, 0.11801118403673172, 0.23540706932544708)
MoCap Frame: 1226521

[NatNet] AGV-7 Position empfangen: (-2.2427375316619873, 0.1180146113038063, 0.23540513217449188)
MoCap Frame: 1226522

Sent NED position: x=-3.24, y=0.12, z=-1.24
[NatNet] AGV-7 Position empfangen: (-2.24273943901062, 0.11800079047679901, 0.23540154099464417)
MoCap Frame: 1226523

[NatNet] AGV-7 Position empfangen: (-2.242720127105713, 0.11800207942724228, 0.23538827896118164)
MoCap Frame: 1226524

[NatNet] AGV-7 Position empfangen: (-2.242734670639038, 0.11798060685396194, 0.23541326820850372)
MoCap Frame: 1226525

[NatNet] AGV-7 Position empfangen: (-2.242748737335205, 0.11800495535135269, 0.2354041337966919)
MoCap Frame: 1226526

[NatNet] AGV-7 Position empfangen: (-2.2427358627319336, 0.11798571050167084, 0.23539389669895172)
MoCap Frame: 1226527

[NatNet] AGV-7 Position empfangen: (-2.242736577987671, 0.11799750477075577, 0.23541359603405)
MoCap Frame: 1226528

[NatNet] AGV-7 Position empfangen: (-2.2427618503570557, 0.11799079924821854, 0.23541654646396637)
MoCap Frame: 1226529

[NatNet] AGV-7 Position empfangen: (-2.242741584777832, 0.11799316108226776, 0.2354074865579605)
MoCap Frame: 1226530

[NatNet] AGV-7 Position empfangen: (-2.2427632808685303, 0.11798228323459625, 0.2354283630847931)
MoCap Frame: 1226531

[NatNet] AGV-7 Position empfangen: (-2.2427384853363037, 0.1179795116186142, 0.23541931807994843)
MoCap Frame: 1226532

[NatNet] AGV-7 Position empfangen: (-2.242751359939575, 0.11799797415733337, 0.23541295528411865)
MoCap Frame: 1226533

[NatNet] AGV-7 Position empfangen: (-2.242755889892578, 0.1179952546954155, 0.23542244732379913)
MoCap Frame: 1226534

[NatNet] AGV-7 Position empfangen: (-2.242751359939575, 0.11798734217882156, 0.23539990186691284)
MoCap Frame: 1226535

7
1
 MoCap Frame Begin
-----------------
Frame #: 1226535
  Markerset Count:  3
    MarkerData:
    Model Name : AGV_001
    Marker Count :  5
      Marker   0 pos :
             [x=-0.28,y=1.30,z=0.16]
      Marker   1 pos :
             [x=-0.58,y=1.01,z=0.16]
      Marker   2 pos :
             [x=-0.35,y=1.07,z=0.29]
      Marker   3 pos :
             [x=-0.24,y=0.93,z=0.15]
      Marker   4 pos :
             [x=-0.61,y=1.36,z=0.16]
    MarkerData:
    Model Name : Qmed_1
    Marker Count :  4
      Marker   0 pos :
             [x=-2.30,y=0.12,z=0.30]
      Marker   1 pos :
             [x=-2.22,y=0.11,z=0.33]
      Marker   2 pos :
             [x=-2.21,y=0.23,z=0.16]
      Marker   3 pos :
             [x=-2.24,y=0.01,z=0.16]
    MarkerData:
    Model Name : all
    Marker Count :  9
      Marker   0 pos :
             [x=-0.28,y=1.30,z=0.16]
      Marker   1 pos :
             [x=-0.58,y=1.01,z=0.16]
      Marker   2 pos :
             [x=-0.35,y=1.07,z=0.29]
      Marker   3 pos :
             [x=-0.24,y=0.93,z=0.15]
      Marker   4 pos :
             [x=-0.61,y=1.36,z=0.16]
      Marker   5 pos :
             [x=-2.30,y=0.12,z=0.30]
      Marker   6 pos :
             [x=-2.22,y=0.11,z=0.33]
      Marker   7 pos :
             [x=-2.21,y=0.23,z=0.16]
      Marker   8 pos :
             [x=-2.24,y=0.01,z=0.16]
  Unlabeled Marker Count:  0
    MarkerData:
    Marker Count :  0
  Rigid Body Count:   2
    Rigid Body    :   0
      ID            :   7
      Position      : [-2.24, 0.12, 0.24]
      Orientation   : [-0.01, 0.05, -0.03, -1.00]
      Marker Error  : 0.00
    Tracking Valid: True
    Rigid Body    :   1
      ID            :   1
      Position      : [-0.41, 1.13, 0.19]
      Orientation   : [0.02, -0.00, 0.91, 0.40]
      Marker Error  : 0.00
    Tracking Valid: True
  Skeleton Count:   0
  Asset Count:   0
  Labeled Marker Count:  9
      Labeled Marker 0:
      ID                 : [MarkerID:   1] [ModelID:   7]
        
      pos                : [-2.30, 0.12, 0.30]
      size               : [0.02]
      err                : [1.85]
      occluded           : [  0]
      point_cloud_solved : [  1]
      model_solved       : [  0]
      Labeled Marker 1:
      ID                 : [MarkerID:   2] [ModelID:   7]
        
      pos                : [-2.22, 0.11, 0.33]
      size               : [0.02]
      err                : [0.41]
      occluded           : [  0]
      point_cloud_solved : [  1]
      model_solved       : [  0]
      Labeled Marker 2:
      ID                 : [MarkerID:   3] [ModelID:   7]
        
      pos                : [-2.21, 0.23, 0.16]
      size               : [0.01]
      err                : [1.76]
      occluded           : [  0]
      point_cloud_solved : [  1]
      model_solved       : [  0]
      Labeled Marker 3:
      ID                 : [MarkerID:   4] [ModelID:   7]
        
      pos                : [-2.24, 0.01, 0.16]
      size               : [0.01]
      err                : [1.64]
      occluded           : [  0]
      point_cloud_solved : [  1]
      model_solved       : [  0]
      Labeled Marker 4:
      ID                 : [MarkerID:   1] [ModelID:   1]
        
      pos                : [-0.28, 1.30, 0.16]
      size               : [0.02]
      err                : [1.24]
      occluded           : [  0]
      point_cloud_solved : [  1]
      model_solved       : [  0]
      Labeled Marker 5:
      ID                 : [MarkerID:   2] [ModelID:   1]
        
      pos                : [-0.58, 1.01, 0.16]
      size               : [0.02]
      err                : [1.87]
      occluded           : [  0]
      point_cloud_solved : [  1]
      model_solved       : [  0]
      Labeled Marker 6:
      ID                 : [MarkerID:   3] [ModelID:   1]
        
      pos                : [-0.35, 1.07, 0.29]
      size               : [0.02]
      err                : [2.92]
      occluded           : [  0]
      point_cloud_solved : [  1]
      model_solved       : [  0]
      Labeled Marker 7:
      ID                 : [MarkerID:   4] [ModelID:   1]
        
      pos                : [-0.24, 0.93, 0.15]
      size               : [0.02]
      err                : [2.25]
      occluded           : [  0]
      point_cloud_solved : [  1]
      model_solved       : [  0]
      Labeled Marker 8:
      ID                 : [MarkerID:   5] [ModelID:   1]
        
      pos                : [-0.61, 1.36, 0.16]
      size               : [0.02]
      err                : [1.76]
      occluded           : [  0]
      point_cloud_solved : [  1]
      model_solved       : [  0]
  Force Plate Count:   0
  Device Count:   0
  Timecode: 00:00:00:00:00
  Timestamp                      : 10221.125
  Mid-exposure timestamp         : 124980962151
  Camera data received timestamp : 124981010903
  Transmit timestamp             : 124981035367
MoCap Frame End
-----------------


[NatNet] AGV-7 Position empfangen: (-2.2427477836608887, 0.1179947704076767, 0.23540812730789185)
MoCap Frame: 1226536

[NatNet] AGV-7 Position empfangen: (-2.2427361011505127, 0.11800506711006165, 0.23540997505187988)
MoCap Frame: 1226537

[NatNet] AGV-7 Position empfangen: (-2.24275279045105, 0.11799024045467377, 0.23541496694087982)
MoCap Frame: 1226538

[NatNet] AGV-7 Position empfangen: (-2.2427423000335693, 0.1179928407073021, 0.23541532456874847)
MoCap Frame: 1226539

[NatNet] AGV-7 Position empfangen: (-2.24271559715271, 0.11799308657646179, 0.23539675772190094)
MoCap Frame: 1226540

[NatNet] AGV-7 Position empfangen: (-2.242727756500244, 0.11800957471132278, 0.235399067401886)
MoCap Frame: 1226541

[NatNet] AGV-7 Position empfangen: (-2.24275279045105, 0.11798622459173203, 0.23540188372135162)
MoCap Frame: 1226542

[NatNet] AGV-7 Position empfangen: (-2.2427573204040527, 0.1179753839969635, 0.23541216552257538)
MoCap Frame: 1226543

[NatNet] AGV-7 Position empfangen: (-2.242732286453247, 0.11797986924648285, 0.23540198802947998)
MoCap Frame: 1226544

[NatNet] AGV-7 Position empfangen: (-2.2427456378936768, 0.11799491196870804, 0.23540225625038147)
MoCap Frame: 1226545

[NatNet] AGV-7 Position empfangen: (-2.242716073989868, 0.11799287050962448, 0.23539622128009796)
MoCap Frame: 1226546

Sent NED position: x=-3.24, y=0.12, z=-1.24
[NatNet] AGV-7 Position empfangen: (-2.242743730545044, 0.11799903213977814, 0.23540717363357544)
MoCap Frame: 1226547

[NatNet] AGV-7 Position empfangen: (-2.2427408695220947, 0.11799301207065582, 0.23540453612804413)
MoCap Frame: 1226548

[NatNet] AGV-7 Position empfangen: (-2.242724895477295, 0.11800115555524826, 0.2353982776403427)
MoCap Frame: 1226549

[NatNet] AGV-7 Position empfangen: (-2.2427377700805664, 0.11799361556768417, 0.23540642857551575)
MoCap Frame: 1226550

[NatNet] AGV-7 Position empfangen: (-2.242734432220459, 0.11799304187297821, 0.23539721965789795)
MoCap Frame: 1226551

[NatNet] AGV-7 Position empfangen: (-2.2427494525909424, 0.11800766736268997, 0.23539985716342926)
MoCap Frame: 1226552

[NatNet] AGV-7 Position empfangen: (-2.2427525520324707, 0.11800131946802139, 0.23541241884231567)
MoCap Frame: 1226553

[NatNet] AGV-7 Position empfangen: (-2.242751359939575, 0.11800297349691391, 0.23540928959846497)
MoCap Frame: 1226554

[NatNet] AGV-7 Position empfangen: (-2.242765426635742, 0.11800073832273483, 0.23540730774402618)
MoCap Frame: 1226555

7
1
 MoCap Frame Begin
-----------------
Frame #: 1226555
  Markerset Count:  3
    MarkerData:
    Model Name : AGV_001
    Marker Count :  5
      Marker   0 pos :
             [x=-0.28,y=1.30,z=0.16]
      Marker   1 pos :
             [x=-0.58,y=1.01,z=0.16]
      Marker   2 pos :
             [x=-0.35,y=1.07,z=0.29]
      Marker   3 pos :
             [x=-0.24,y=0.93,z=0.15]
      Marker   4 pos :
             [x=-0.61,y=1.36,z=0.16]
    MarkerData:
    Model Name : Qmed_1
    Marker Count :  4
      Marker   0 pos :
             [x=-2.30,y=0.12,z=0.30]
      Marker   1 pos :
             [x=-2.22,y=0.11,z=0.33]
      Marker   2 pos :
             [x=-2.21,y=0.23,z=0.16]
      Marker   3 pos :
             [x=-2.24,y=0.01,z=0.16]
    MarkerData:
    Model Name : all
    Marker Count :  9
      Marker   0 pos :
             [x=-0.28,y=1.30,z=0.16]
      Marker   1 pos :
             [x=-0.58,y=1.01,z=0.16]
      Marker   2 pos :
             [x=-0.35,y=1.07,z=0.29]
      Marker   3 pos :
             [x=-0.24,y=0.93,z=0.15]
      Marker   4 pos :
             [x=-0.61,y=1.36,z=0.16]
      Marker   5 pos :
             [x=-2.30,y=0.12,z=0.30]
      Marker   6 pos :
             [x=-2.22,y=0.11,z=0.33]
      Marker   7 pos :
             [x=-2.21,y=0.23,z=0.16]
      Marker   8 pos :
             [x=-2.24,y=0.01,z=0.16]
  Unlabeled Marker Count:  0
    MarkerData:
    Marker Count :  0
  Rigid Body Count:   2
    Rigid Body    :   0
      ID            :   7
      Position      : [-2.24, 0.12, 0.24]
      Orientation   : [-0.01, 0.04, -0.03, -1.00]
      Marker Error  : 0.00
    Tracking Valid: True
    Rigid Body    :   1
      ID            :   1
      Position      : [-0.41, 1.13, 0.19]
      Orientation   : [0.02, -0.00, 0.91, 0.40]
      Marker Error  : 0.00
    Tracking Valid: True
  Skeleton Count:   0
  Asset Count:   0
  Labeled Marker Count:  9
      Labeled Marker 0:
      ID                 : [MarkerID:   1] [ModelID:   7]
        
      pos                : [-2.30, 0.12, 0.30]
      size               : [0.02]
      err                : [1.84]
      occluded           : [  0]
      point_cloud_solved : [  1]
      model_solved       : [  0]
      Labeled Marker 1:
      ID                 : [MarkerID:   2] [ModelID:   7]
        
      pos                : [-2.22, 0.11, 0.33]
      size               : [0.02]
      err                : [0.42]
      occluded           : [  0]
      point_cloud_solved : [  1]
      model_solved       : [  0]
      Labeled Marker 2:
      ID                 : [MarkerID:   3] [ModelID:   7]
        
      pos                : [-2.21, 0.23, 0.16]
      size               : [0.01]
      err                : [1.76]
      occluded           : [  0]
      point_cloud_solved : [  1]
      model_solved       : [  0]
      Labeled Marker 3:
      ID                 : [MarkerID:   4] [ModelID:   7]
        
      pos                : [-2.24, 0.01, 0.16]
      size               : [0.01]
      err                : [1.64]
      occluded           : [  0]
      point_cloud_solved : [  1]
      model_solved       : [  0]
      Labeled Marker 4:
      ID                 : [MarkerID:   1] [ModelID:   1]
        
      pos                : [-0.28, 1.30, 0.16]
      size               : [0.02]
      err                : [1.23]
      occluded           : [  0]
      point_cloud_solved : [  1]
      model_solved       : [  0]
      Labeled Marker 5:
      ID                 : [MarkerID:   2] [ModelID:   1]
        
      pos                : [-0.58, 1.01, 0.16]
      size               : [0.02]
      err                : [1.89]
      occluded           : [  0]
      point_cloud_solved : [  1]
      model_solved       : [  0]
      Labeled Marker 6:
      ID                 : [MarkerID:   3] [ModelID:   1]
        
      pos                : [-0.35, 1.07, 0.29]
      size               : [0.02]
      err                : [2.93]
      occluded           : [  0]
      point_cloud_solved : [  1]
      model_solved       : [  0]
      Labeled Marker 7:
      ID                 : [MarkerID:   4] [ModelID:   1]
        
      pos                : [-0.24, 0.93, 0.15]
      size               : [0.02]
      err                : [2.27]
      occluded           : [  0]
      point_cloud_solved : [  1]
      model_solved       : [  0]
      Labeled Marker 8:
      ID                 : [MarkerID:   5] [ModelID:   1]
        
      pos                : [-0.61, 1.36, 0.16]
      size               : [0.02]
      err                : [1.77]
      occluded           : [  0]
      point_cloud_solved : [  1]
      model_solved       : [  0]
  Force Plate Count:   0
  Device Count:   0
  Timecode: 00:00:00:00:00
  Timestamp                      : 10221.292
  Mid-exposure timestamp         : 124982628813
  Camera data received timestamp : 124982677389
  Transmit timestamp             : 124982699665
MoCap Frame End
-----------------


[NatNet] AGV-7 Position empfangen: (-2.2427549362182617, 0.11799528449773788, 0.2354016900062561)
MoCap Frame: 1226556

[NatNet] AGV-7 Position empfangen: (-2.2427446842193604, 0.11799091845750809, 0.2354026585817337)
MoCap Frame: 1226557

[NatNet] AGV-7 Position empfangen: (-2.242755889892578, 0.11798961460590363, 0.23541216552257538)
MoCap Frame: 1226558

[NatNet] AGV-7 Position empfangen: (-2.242750883102417, 0.11798842251300812, 0.23540283739566803)
MoCap Frame: 1226559

[NatNet] AGV-7 Position empfangen: (-2.242762327194214, 0.11798800528049469, 0.23543009161949158)
MoCap Frame: 1226560

[NatNet] AGV-7 Position empfangen: (-2.242733955383301, 0.1180000826716423, 0.23540735244750977)
MoCap Frame: 1226561

[NatNet] AGV-7 Position empfangen: (-2.242734909057617, 0.1179969310760498, 0.23539331555366516)
MoCap Frame: 1226562

[NatNet] AGV-7 Position empfangen: (-2.24275279045105, 0.11799150705337524, 0.23539552092552185)
MoCap Frame: 1226563

[NatNet] AGV-7 Position empfangen: (-2.2427303791046143, 0.11799195408821106, 0.2353983074426651)
MoCap Frame: 1226564

[NatNet] AGV-7 Position empfangen: (-2.2427456378936768, 0.11798486113548279, 0.23538878560066223)
MoCap Frame: 1226565

[NatNet] AGV-7 Position empfangen: (-2.24273681640625, 0.11800193786621094, 0.2353745847940445)
MoCap Frame: 1226566

[NatNet] AGV-7 Position empfangen: (-2.2427446842193604, 0.11798564344644547, 0.23540626466274261)
MoCap Frame: 1226567

[NatNet] AGV-7 Position empfangen: (-2.242746591567993, 0.1179981529712677, 0.23539525270462036)
MoCap Frame: 1226568

[NatNet] AGV-7 Position empfangen: (-2.2427258491516113, 0.11800413578748703, 0.2353886365890503)
MoCap Frame: 1226569

[NatNet] AGV-7 Position empfangen: (-2.2427382469177246, 0.11799303442239761, 0.23539626598358154)
MoCap Frame: 1226570

Sent NED position: x=-3.24, y=0.12, z=-1.24
[NatNet] AGV-7 Position empfangen: (-2.2427456378936768, 0.11799908429384232, 0.23537962138652802)
MoCap Frame: 1226571

[NatNet] AGV-7 Position empfangen: (-2.2427327632904053, 0.11800335347652435, 0.2353803515434265)
MoCap Frame: 1226572

[NatNet] AGV-7 Position empfangen: (-2.242727518081665, 0.1180075854063034, 0.23539818823337555)
MoCap Frame: 1226573

[NatNet] AGV-7 Position empfangen: (-2.242743968963623, 0.11800063401460648, 0.23539429903030396)
MoCap Frame: 1226574

[NatNet] AGV-7 Position empfangen: (-2.242731809616089, 0.11800602078437805, 0.2354026436805725)
MoCap Frame: 1226575

7
1
 MoCap Frame Begin
-----------------
Frame #: 1226575
  Markerset Count:  3
    MarkerData:
    Model Name : AGV_001
    Marker Count :  5
      Marker   0 pos :
             [x=-0.28,y=1.30,z=0.16]
      Marker   1 pos :
             [x=-0.58,y=1.01,z=0.16]
      Marker   2 pos :
             [x=-0.35,y=1.07,z=0.29]
      Marker   3 pos :
             [x=-0.24,y=0.93,z=0.15]
      Marker   4 pos :
             [x=-0.61,y=1.36,z=0.16]
    MarkerData:
    Model Name : Qmed_1
    Marker Count :  4
      Marker   0 pos :
             [x=-2.30,y=0.12,z=0.30]
      Marker   1 pos :
             [x=-2.22,y=0.11,z=0.33]
      Marker   2 pos :
             [x=-2.21,y=0.23,z=0.16]
      Marker   3 pos :
             [x=-2.24,y=0.01,z=0.16]
    MarkerData:
    Model Name : all
    Marker Count :  9
      Marker   0 pos :
             [x=-0.28,y=1.30,z=0.16]
      Marker   1 pos :
             [x=-0.58,y=1.01,z=0.16]
      Marker   2 pos :
             [x=-0.35,y=1.07,z=0.29]
      Marker   3 pos :
             [x=-0.24,y=0.93,z=0.15]
      Marker   4 pos :
             [x=-0.61,y=1.36,z=0.16]
      Marker   5 pos :
             [x=-2.30,y=0.12,z=0.30]
      Marker   6 pos :
             [x=-2.22,y=0.11,z=0.33]
      Marker   7 pos :
             [x=-2.21,y=0.23,z=0.16]
      Marker   8 pos :
             [x=-2.24,y=0.01,z=0.16]
  Unlabeled Marker Count:  0
    MarkerData:
    Marker Count :  0
  Rigid Body Count:   2
    Rigid Body    :   0
      ID            :   7
      Position      : [-2.24, 0.12, 0.24]
      Orientation   : [-0.01, 0.04, -0.03, -1.00]
      Marker Error  : 0.00
    Tracking Valid: True
    Rigid Body    :   1
      ID            :   1
      Position      : [-0.41, 1.13, 0.19]
      Orientation   : [0.02, -0.00, 0.91, 0.40]
      Marker Error  : 0.00
    Tracking Valid: True
  Skeleton Count:   0
  Asset Count:   0
  Labeled Marker Count:  9
      Labeled Marker 0:
      ID                 : [MarkerID:   1] [ModelID:   7]
        
      pos                : [-2.30, 0.12, 0.30]
      size               : [0.02]
      err                : [1.86]
      occluded           : [  0]
      point_cloud_solved : [  1]
      model_solved       : [  0]
      Labeled Marker 1:
      ID                 : [MarkerID:   2] [ModelID:   7]
        
      pos                : [-2.22, 0.11, 0.33]
      size               : [0.02]
      err                : [0.40]
      occluded           : [  0]
      point_cloud_solved : [  1]
      model_solved       : [  0]
      Labeled Marker 2:
      ID                 : [MarkerID:   3] [ModelID:   7]
        
      pos                : [-2.21, 0.23, 0.16]
      size               : [0.01]
      err                : [1.76]
      occluded           : [  0]
      point_cloud_solved : [  1]
      model_solved       : [  0]
      Labeled Marker 3:
      ID                 : [MarkerID:   4] [ModelID:   7]
        
      pos                : [-2.24, 0.01, 0.16]
      size               : [0.01]
      err                : [1.65]
      occluded           : [  0]
      point_cloud_solved : [  1]
      model_solved       : [  0]
      Labeled Marker 4:
      ID                 : [MarkerID:   1] [ModelID:   1]
        
      pos                : [-0.28, 1.30, 0.16]
      size               : [0.02]
      err                : [1.24]
      occluded           : [  0]
      point_cloud_solved : [  1]
      model_solved       : [  0]
      Labeled Marker 5:
      ID                 : [MarkerID:   2] [ModelID:   1]
        
      pos                : [-0.58, 1.01, 0.16]
      size               : [0.02]
      err                : [1.85]
      occluded           : [  0]
      point_cloud_solved : [  1]
      model_solved       : [  0]
      Labeled Marker 6:
      ID                 : [MarkerID:   3] [ModelID:   1]
        
      pos                : [-0.35, 1.07, 0.29]
      size               : [0.02]
      err                : [2.92]
      occluded           : [  0]
      point_cloud_solved : [  1]
      model_solved       : [  0]
      Labeled Marker 7:
      ID                 : [MarkerID:   4] [ModelID:   1]
        
      pos                : [-0.24, 0.93, 0.15]
      size               : [0.02]
      err                : [2.24]
      occluded           : [  0]
      point_cloud_solved : [  1]
      model_solved       : [  0]
      Labeled Marker 8:
      ID                 : [MarkerID:   5] [ModelID:   1]
        
      pos                : [-0.61, 1.36, 0.16]
      size               : [0.02]
      err                : [1.77]
      occluded           : [  0]
      point_cloud_solved : [  1]
      model_solved       : [  0]
  Force Plate Count:   0
  Device Count:   0
  Timecode: 00:00:00:00:00
  Timestamp                      : 10221.458
  Mid-exposure timestamp         : 124984295488
  Camera data received timestamp : 124984343679
  Transmit timestamp             : 124984369144
MoCap Frame End
-----------------


[NatNet] AGV-7 Position empfangen: (-2.242736577987671, 0.11800984293222427, 0.2353946566581726)
MoCap Frame: 1226576

[NatNet] AGV-7 Position empfangen: (-2.2427563667297363, 0.11799955368041992, 0.23540079593658447)
MoCap Frame: 1226577

[NatNet] AGV-7 Position empfangen: (-2.242727279663086, 0.1180080771446228, 0.23538722097873688)
MoCap Frame: 1226578

[NatNet] AGV-7 Position empfangen: (-2.242729425430298, 0.11800014972686768, 0.23538635671138763)
MoCap Frame: 1226579

[NatNet] AGV-7 Position empfangen: (-2.242723226547241, 0.1180097684264183, 0.23537994921207428)
MoCap Frame: 1226580

[NatNet] AGV-7 Position empfangen: (-2.2427444458007812, 0.11799433082342148, 0.23540803790092468)
MoCap Frame: 1226581

[NatNet] AGV-7 Position empfangen: (-2.2427241802215576, 0.11799073219299316, 0.23539696633815765)
MoCap Frame: 1226582

[NatNet] AGV-7 Position empfangen: (-2.242724657058716, 0.11799577623605728, 0.23538431525230408)
MoCap Frame: 1226583

[NatNet] AGV-7 Position empfangen: (-2.2427408695220947, 0.11799832433462143, 0.23539969325065613)
MoCap Frame: 1226584

[NatNet] AGV-7 Position empfangen: (-2.2427377700805664, 0.11799066513776779, 0.23541006445884705)
MoCap Frame: 1226585

[NatNet] AGV-7 Position empfangen: (-2.2427427768707275, 0.11799249053001404, 0.23541156947612762)
MoCap Frame: 1226586

[NatNet] AGV-7 Position empfangen: (-2.2427451610565186, 0.1179913878440857, 0.23540079593658447)
MoCap Frame: 1226587

[NatNet] AGV-7 Position empfangen: (-2.242750883102417, 0.11800241470336914, 0.23540054261684418)
MoCap Frame: 1226588

[NatNet] AGV-7 Position empfangen: (-2.242733955383301, 0.11797554790973663, 0.23540690541267395)
MoCap Frame: 1226589

[NatNet] AGV-7 Position empfangen: (-2.2427473068237305, 0.11798349767923355, 0.2354021519422531)
MoCap Frame: 1226590

[NatNet] AGV-7 Position empfangen: (-2.242734432220459, 0.11799605190753937, 0.2353862226009369)
MoCap Frame: 1226591

[NatNet] AGV-7 Position empfangen: (-2.2427194118499756, 0.11800357699394226, 0.23538453876972198)
MoCap Frame: 1226592

Sent NED position: x=-3.24, y=0.12, z=-1.24
Sent NED position: x=-3.24, y=0.12, z=-1.24
Sent NED position: x=-3.24, y=0.12, z=-1.24
Sent NED position: x=-3.24, y=0.12, z=-1.24
Sent NED position: x=-3.24, y=0.12, z=-1.24
Sent NED position: x=-3.24, y=0.12, z=-1.24
Sent NED position: x=-3.24, y=0.12, z=-1.24
Sent NED position: x=-3.24, y=0.12, z=-1.24
Sent NED position: x=-3.24, y=0.12, z=-1.24
Sent NED position: x=-3.24, y=0.12, z=-1.24
Sent NED position: x=-3.24, y=0.12, z=-1.24
Sent NED position: x=-3.24, y=0.12, z=-1.24
Sent NED position: x=-3.24, y=0.12, z=-1.24
Sent NED position: x=-3.24, y=0.12, z=-1.24
Sent NED position: x=-3.24, y=0.12, z=-1.24
Sent NED position: x=-3.24, y=0.12, z=-1.24
Sent NED position: x=-3.24, y=0.12, z=-1.24
Sent NED position: x=-3.24, y=0.12, z=-1.24
Sent NED position: x=-3.24, y=0.12, z=-1.24
Sent NED position: x=-3.24, y=0.12, z=-1.24
Sent NED position: x=-3.24, y=0.12, z=-1.24
Sent NED position: x=-3.24, y=0.12, z=-1.24
Sent NED position: x=-3.24, y=0.12, z=-1.24
Sent NED position: x=-3.24, y=0.12, z=-1.24
Sent NED position: x=-3.24, y=0.12, z=-1.24
Sent NED position: x=-3.24, y=0.12, z=-1.24
Sent NED position: x=-3.24, y=0.12, z=-1.24
Sent NED position: x=-3.24, y=0.12, z=-1.24
Sent NED position: x=-3.24, y=0.12, z=-1.24
Sent NED position: x=-3.24, y=0.12, z=-1.24
Sent NED position: x=-3.24, y=0.12, z=-1.24
Sent NED position: x=-3.24, y=0.12, z=-1.24
Sent NED position: x=-3.24, y=0.12, z=-1.24
Sent NED position: x=-3.24, y=0.12, z=-1.24
Sent NED position: x=-3.24, y=0.12, z=-1.24
Sent NED position: x=-3.24, y=0.12, z=-1.24
Sent NED position: x=-3.24, y=0.12, z=-1.24
Sent NED position: x=-3.24, y=0.12, z=-1.24
^CAbbruch durch Benutzer
shutdown called
shutting down
